<?xml version="1.0" encoding="UTF-8"?>
<testsuite xmlns:xsi="http://www.w3.org/2001/XMLSchema-instance" xsi:noNamespaceSchemaLocation="https://maven.apache.org/surefire/maven-surefire-plugin/xsd/surefire-test-report-3.0.xsd" version="3.0" name="tn.supcom.cot.iam.controllers.RoleTest" time="0.054" tests="26" errors="0" skipped="0" failures="0">
  <properties>
    <property name="java.specification.version" value="21"/>
    <property name="sun.cpu.isalist" value="amd64"/>
    <property name="sun.jnu.encoding" value="Cp1252"/>
    <property name="java.class.path" value="C:\Users\LENOVO\Desktop\kraya\HealthMonitoringAIM25_26\iam\target\test-classes;C:\Users\LENOVO\Desktop\kraya\HealthMonitoringAIM25_26\iam\target\classes;C:\Users\LENOVO\.m2\repository\jakarta\platform\jakarta.jakartaee-api\11.0.0\jakarta.jakartaee-api-11.0.0.jar;C:\Users\LENOVO\.m2\repository\jakarta\platform\jakarta.jakartaee-web-api\11.0.0\jakarta.jakartaee-web-api-11.0.0.jar;C:\Users\LENOVO\.m2\repository\jakarta\servlet\jakarta.servlet-api\6.1.0\jakarta.servlet-api-6.1.0.jar;C:\Users\LENOVO\.m2\repository\jakarta\servlet\jsp\jakarta.servlet.jsp-api\4.0.0\jakarta.servlet.jsp-api-4.0.0.jar;C:\Users\LENOVO\.m2\repository\jakarta\enterprise\jakarta.enterprise.cdi-el-api\4.1.0\jakarta.enterprise.cdi-el-api-4.1.0.jar;C:\Users\LENOVO\.m2\repository\jakarta\el\jakarta.el-api\6.0.1\jakarta.el-api-6.0.1.jar;C:\Users\LENOVO\.m2\repository\jakarta\servlet\jsp\jstl\jakarta.servlet.jsp.jstl-api\3.0.2\jakarta.servlet.jsp.jstl-api-3.0.2.jar;C:\Users\LENOVO\.m2\repository\jakarta\faces\jakarta.faces-api\4.1.2\jakarta.faces-api-4.1.2.jar;C:\Users\LENOVO\.m2\repository\jakarta\websocket\jakarta.websocket-api\2.2.0\jakarta.websocket-api-2.2.0.jar;C:\Users\LENOVO\.m2\repository\jakarta\websocket\jakarta.websocket-client-api\2.2.0\jakarta.websocket-client-api-2.2.0.jar;C:\Users\LENOVO\.m2\repository\jakarta\ejb\jakarta.ejb-api\4.0.1\jakarta.ejb-api-4.0.1.jar;C:\Users\LENOVO\.m2\repository\jakarta\transaction\jakarta.transaction-api\2.0.1\jakarta.transaction-api-2.0.1.jar;C:\Users\LENOVO\.m2\repository\jakarta\persistence\jakarta.persistence-api\3.2.0\jakarta.persistence-api-3.2.0.jar;C:\Users\LENOVO\.m2\repository\jakarta\validation\jakarta.validation-api\3.1.1\jakarta.validation-api-3.1.1.jar;C:\Users\LENOVO\.m2\repository\jakarta\authentication\jakarta.authentication-api\3.1.0\jakarta.authentication-api-3.1.0.jar;C:\Users\LENOVO\.m2\repository\jakarta\security\enterprise\jakarta.security.enterprise-api\4.0.0\jakarta.security.enterprise-api-4.0.0.jar;C:\Users\LENOVO\.m2\repository\jakarta\enterprise\concurrent\jakarta.enterprise.concurrent-api\3.1.1\jakarta.enterprise.concurrent-api-3.1.1.jar;C:\Users\LENOVO\.m2\repository\jakarta\platform\jakarta.jakartaee-core-api\11.0.0\jakarta.jakartaee-core-api-11.0.0.jar;C:\Users\LENOVO\.m2\repository\jakarta\ws\rs\jakarta.ws.rs-api\4.0.0\jakarta.ws.rs-api-4.0.0.jar;C:\Users\LENOVO\.m2\repository\jakarta\json\jakarta.json-api\2.1.3\jakarta.json-api-2.1.3.jar;C:\Users\LENOVO\.m2\repository\jakarta\json\bind\jakarta.json.bind-api\3.0.1\jakarta.json.bind-api-3.0.1.jar;C:\Users\LENOVO\.m2\repository\jakarta\annotation\jakarta.annotation-api\3.0.0\jakarta.annotation-api-3.0.0.jar;C:\Users\LENOVO\.m2\repository\jakarta\interceptor\jakarta.interceptor-api\2.2.0\jakarta.interceptor-api-2.2.0.jar;C:\Users\LENOVO\.m2\repository\jakarta\enterprise\jakarta.enterprise.cdi-api\4.1.0\jakarta.enterprise.cdi-api-4.1.0.jar;C:\Users\LENOVO\.m2\repository\jakarta\inject\jakarta.inject-api\2.0.1\jakarta.inject-api-2.0.1.jar;C:\Users\LENOVO\.m2\repository\jakarta\enterprise\jakarta.enterprise.lang-model\4.1.0\jakarta.enterprise.lang-model-4.1.0.jar;C:\Users\LENOVO\.m2\repository\jakarta\jms\jakarta.jms-api\3.1.0\jakarta.jms-api-3.1.0.jar;C:\Users\LENOVO\.m2\repository\jakarta\activation\jakarta.activation-api\2.1.3\jakarta.activation-api-2.1.3.jar;C:\Users\LENOVO\.m2\repository\jakarta\mail\jakarta.mail-api\2.1.3\jakarta.mail-api-2.1.3.jar;C:\Users\LENOVO\.m2\repository\jakarta\resource\jakarta.resource-api\2.1.0\jakarta.resource-api-2.1.0.jar;C:\Users\LENOVO\.m2\repository\jakarta\authorization\jakarta.authorization-api\3.0.0\jakarta.authorization-api-3.0.0.jar;C:\Users\LENOVO\.m2\repository\jakarta\batch\jakarta.batch-api\2.1.1\jakarta.batch-api-2.1.1.jar;C:\Users\LENOVO\.m2\repository\org\eclipse\microprofile\config\microprofile-config-api\3.1\microprofile-config-api-3.1.jar;C:\Users\LENOVO\.m2\repository\de\mkammerer\argon2-jvm\2.11\argon2-jvm-2.11.jar;C:\Users\LENOVO\.m2\repository\de\mkammerer\argon2-jvm-nolibs\2.11\argon2-jvm-nolibs-2.11.jar;C:\Users\LENOVO\.m2\repository\net\java\dev\jna\jna\5.8.0\jna-5.8.0.jar;C:\Users\LENOVO\.m2\repository\org\eclipse\jnosql\databases\jnosql-mongodb\1.1.10\jnosql-mongodb-1.1.10.jar;C:\Users\LENOVO\.m2\repository\org\eclipse\jnosql\mapping\jnosql-mapping-document\1.1.10\jnosql-mapping-document-1.1.10.jar;C:\Users\LENOVO\.m2\repository\org\eclipse\jnosql\mapping\jnosql-mapping-semistructured\1.1.10\jnosql-mapping-semistructured-1.1.10.jar;C:\Users\LENOVO\.m2\repository\org\eclipse\jnosql\communication\jnosql-communication-semistructured\1.1.10\jnosql-communication-semistructured-1.1.10.jar;C:\Users\LENOVO\.m2\repository\org\eclipse\jnosql\communication\jnosql-communication-query\1.1.10\jnosql-communication-query-1.1.10.jar;C:\Users\LENOVO\.m2\repository\org\eclipse\jnosql\communication\jnosql-communication-core\1.1.10\jnosql-communication-core-1.1.10.jar;C:\Users\LENOVO\.m2\repository\org\antlr\antlr4-runtime\4.13.2\antlr4-runtime-4.13.2.jar;C:\Users\LENOVO\.m2\repository\org\eclipse\jnosql\mapping\jnosql-mapping-core\1.1.10\jnosql-mapping-core-1.1.10.jar;C:\Users\LENOVO\.m2\repository\org\eclipse\jnosql\mapping\jnosql-mapping-api-core\1.1.10\jnosql-mapping-api-core-1.1.10.jar;C:\Users\LENOVO\.m2\repository\org\eclipse\jnosql\mapping\jnosql-mapping-reflection\1.1.10\jnosql-mapping-reflection-1.1.10.jar;C:\Users\LENOVO\.m2\repository\io\github\classgraph\classgraph\4.8.179\classgraph-4.8.179.jar;C:\Users\LENOVO\.m2\repository\org\eclipse\jnosql\databases\jnosql-database-commons\1.1.10\jnosql-database-commons-1.1.10.jar;C:\Users\LENOVO\.m2\repository\jakarta\nosql\jakarta.nosql-api\1.0.0\jakarta.nosql-api-1.0.0.jar;C:\Users\LENOVO\.m2\repository\jakarta\data\jakarta.data-api\1.0.1\jakarta.data-api-1.0.1.jar;C:\Users\LENOVO\.m2\repository\org\mongodb\mongodb-driver-sync\5.6.0\mongodb-driver-sync-5.6.0.jar;C:\Users\LENOVO\.m2\repository\org\mongodb\bson\5.6.0\bson-5.6.0.jar;C:\Users\LENOVO\.m2\repository\org\mongodb\mongodb-driver-core\5.6.0\mongodb-driver-core-5.6.0.jar;C:\Users\LENOVO\.m2\repository\org\mongodb\bson-record-codec\5.6.0\bson-record-codec-5.6.0.jar;C:\Users\LENOVO\.m2\repository\org\junit\jupiter\junit-jupiter\6.0.1\junit-jupiter-6.0.1.jar;C:\Users\LENOVO\.m2\repository\org\junit\jupiter\junit-jupiter-api\6.0.1\junit-jupiter-api-6.0.1.jar;C:\Users\LENOVO\.m2\repository\org\opentest4j\opentest4j\1.3.0\opentest4j-1.3.0.jar;C:\Users\LENOVO\.m2\repository\org\junit\platform\junit-platform-commons\6.0.1\junit-platform-commons-6.0.1.jar;C:\Users\LENOVO\.m2\repository\org\apiguardian\apiguardian-api\1.1.2\apiguardian-api-1.1.2.jar;C:\Users\LENOVO\.m2\repository\org\jspecify\jspecify\1.0.0\jspecify-1.0.0.jar;C:\Users\LENOVO\.m2\repository\org\junit\jupiter\junit-jupiter-params\6.0.1\junit-jupiter-params-6.0.1.jar;C:\Users\LENOVO\.m2\repository\org\junit\jupiter\junit-jupiter-engine\6.0.1\junit-jupiter-engine-6.0.1.jar;C:\Users\LENOVO\.m2\repository\org\junit\platform\junit-platform-engine\6.0.1\junit-platform-engine-6.0.1.jar;C:\Users\LENOVO\.m2\repository\org\mockito\mockito-core\5.20.0\mockito-core-5.20.0.jar;C:\Users\LENOVO\.m2\repository\net\bytebuddy\byte-buddy\1.17.7\byte-buddy-1.17.7.jar;C:\Users\LENOVO\.m2\repository\net\bytebuddy\byte-buddy-agent\1.17.7\byte-buddy-agent-1.17.7.jar;C:\Users\LENOVO\.m2\repository\org\objenesis\objenesis\3.3\objenesis-3.3.jar;C:\Users\LENOVO\.m2\repository\org\mockito\mockito-junit-jupiter\5.20.0\mockito-junit-jupiter-5.20.0.jar;"/>
    <property name="java.vm.vendor" value="Oracle Corporation"/>
    <property name="sun.arch.data.model" value="64"/>
    <property name="user.variant" value=""/>
    <property name="java.vendor.url" value="https://java.oracle.com/"/>
    <property name="user.timezone" value="GMT+01:00"/>
    <property name="os.name" value="Windows 11"/>
    <property name="java.vm.specification.version" value="21"/>
    <property name="sun.java.launcher" value="SUN_STANDARD"/>
    <property name="user.country" value="US"/>
    <property name="sun.boot.library.path" value="C:\Program Files\Java\jdk-21\bin"/>
    <property name="sun.java.command" value="C:\Users\LENOVO\AppData\Local\Temp\surefire3514045843850665215\surefirebooter-20251101180238702_3.jar C:\Users\LENOVO\AppData\Local\Temp\surefire3514045843850665215 2025-11-01T18-02-38_604-jvmRun1 surefire-20251101180238702_1tmp surefire_0-20251101180238702_2tmp"/>
    <property name="jdk.debug" value="release"/>
    <property name="surefire.test.class.path" value="C:\Users\LENOVO\Desktop\kraya\HealthMonitoringAIM25_26\iam\target\test-classes;C:\Users\LENOVO\Desktop\kraya\HealthMonitoringAIM25_26\iam\target\classes;C:\Users\LENOVO\.m2\repository\jakarta\platform\jakarta.jakartaee-api\11.0.0\jakarta.jakartaee-api-11.0.0.jar;C:\Users\LENOVO\.m2\repository\jakarta\platform\jakarta.jakartaee-web-api\11.0.0\jakarta.jakartaee-web-api-11.0.0.jar;C:\Users\LENOVO\.m2\repository\jakarta\servlet\jakarta.servlet-api\6.1.0\jakarta.servlet-api-6.1.0.jar;C:\Users\LENOVO\.m2\repository\jakarta\servlet\jsp\jakarta.servlet.jsp-api\4.0.0\jakarta.servlet.jsp-api-4.0.0.jar;C:\Users\LENOVO\.m2\repository\jakarta\enterprise\jakarta.enterprise.cdi-el-api\4.1.0\jakarta.enterprise.cdi-el-api-4.1.0.jar;C:\Users\LENOVO\.m2\repository\jakarta\el\jakarta.el-api\6.0.1\jakarta.el-api-6.0.1.jar;C:\Users\LENOVO\.m2\repository\jakarta\servlet\jsp\jstl\jakarta.servlet.jsp.jstl-api\3.0.2\jakarta.servlet.jsp.jstl-api-3.0.2.jar;C:\Users\LENOVO\.m2\repository\jakarta\faces\jakarta.faces-api\4.1.2\jakarta.faces-api-4.1.2.jar;C:\Users\LENOVO\.m2\repository\jakarta\websocket\jakarta.websocket-api\2.2.0\jakarta.websocket-api-2.2.0.jar;C:\Users\LENOVO\.m2\repository\jakarta\websocket\jakarta.websocket-client-api\2.2.0\jakarta.websocket-client-api-2.2.0.jar;C:\Users\LENOVO\.m2\repository\jakarta\ejb\jakarta.ejb-api\4.0.1\jakarta.ejb-api-4.0.1.jar;C:\Users\LENOVO\.m2\repository\jakarta\transaction\jakarta.transaction-api\2.0.1\jakarta.transaction-api-2.0.1.jar;C:\Users\LENOVO\.m2\repository\jakarta\persistence\jakarta.persistence-api\3.2.0\jakarta.persistence-api-3.2.0.jar;C:\Users\LENOVO\.m2\repository\jakarta\validation\jakarta.validation-api\3.1.1\jakarta.validation-api-3.1.1.jar;C:\Users\LENOVO\.m2\repository\jakarta\authentication\jakarta.authentication-api\3.1.0\jakarta.authentication-api-3.1.0.jar;C:\Users\LENOVO\.m2\repository\jakarta\security\enterprise\jakarta.security.enterprise-api\4.0.0\jakarta.security.enterprise-api-4.0.0.jar;C:\Users\LENOVO\.m2\repository\jakarta\enterprise\concurrent\jakarta.enterprise.concurrent-api\3.1.1\jakarta.enterprise.concurrent-api-3.1.1.jar;C:\Users\LENOVO\.m2\repository\jakarta\platform\jakarta.jakartaee-core-api\11.0.0\jakarta.jakartaee-core-api-11.0.0.jar;C:\Users\LENOVO\.m2\repository\jakarta\ws\rs\jakarta.ws.rs-api\4.0.0\jakarta.ws.rs-api-4.0.0.jar;C:\Users\LENOVO\.m2\repository\jakarta\json\jakarta.json-api\2.1.3\jakarta.json-api-2.1.3.jar;C:\Users\LENOVO\.m2\repository\jakarta\json\bind\jakarta.json.bind-api\3.0.1\jakarta.json.bind-api-3.0.1.jar;C:\Users\LENOVO\.m2\repository\jakarta\annotation\jakarta.annotation-api\3.0.0\jakarta.annotation-api-3.0.0.jar;C:\Users\LENOVO\.m2\repository\jakarta\interceptor\jakarta.interceptor-api\2.2.0\jakarta.interceptor-api-2.2.0.jar;C:\Users\LENOVO\.m2\repository\jakarta\enterprise\jakarta.enterprise.cdi-api\4.1.0\jakarta.enterprise.cdi-api-4.1.0.jar;C:\Users\LENOVO\.m2\repository\jakarta\inject\jakarta.inject-api\2.0.1\jakarta.inject-api-2.0.1.jar;C:\Users\LENOVO\.m2\repository\jakarta\enterprise\jakarta.enterprise.lang-model\4.1.0\jakarta.enterprise.lang-model-4.1.0.jar;C:\Users\LENOVO\.m2\repository\jakarta\jms\jakarta.jms-api\3.1.0\jakarta.jms-api-3.1.0.jar;C:\Users\LENOVO\.m2\repository\jakarta\activation\jakarta.activation-api\2.1.3\jakarta.activation-api-2.1.3.jar;C:\Users\LENOVO\.m2\repository\jakarta\mail\jakarta.mail-api\2.1.3\jakarta.mail-api-2.1.3.jar;C:\Users\LENOVO\.m2\repository\jakarta\resource\jakarta.resource-api\2.1.0\jakarta.resource-api-2.1.0.jar;C:\Users\LENOVO\.m2\repository\jakarta\authorization\jakarta.authorization-api\3.0.0\jakarta.authorization-api-3.0.0.jar;C:\Users\LENOVO\.m2\repository\jakarta\batch\jakarta.batch-api\2.1.1\jakarta.batch-api-2.1.1.jar;C:\Users\LENOVO\.m2\repository\org\eclipse\microprofile\config\microprofile-config-api\3.1\microprofile-config-api-3.1.jar;C:\Users\LENOVO\.m2\repository\de\mkammerer\argon2-jvm\2.11\argon2-jvm-2.11.jar;C:\Users\LENOVO\.m2\repository\de\mkammerer\argon2-jvm-nolibs\2.11\argon2-jvm-nolibs-2.11.jar;C:\Users\LENOVO\.m2\repository\net\java\dev\jna\jna\5.8.0\jna-5.8.0.jar;C:\Users\LENOVO\.m2\repository\org\eclipse\jnosql\databases\jnosql-mongodb\1.1.10\jnosql-mongodb-1.1.10.jar;C:\Users\LENOVO\.m2\repository\org\eclipse\jnosql\mapping\jnosql-mapping-document\1.1.10\jnosql-mapping-document-1.1.10.jar;C:\Users\LENOVO\.m2\repository\org\eclipse\jnosql\mapping\jnosql-mapping-semistructured\1.1.10\jnosql-mapping-semistructured-1.1.10.jar;C:\Users\LENOVO\.m2\repository\org\eclipse\jnosql\communication\jnosql-communication-semistructured\1.1.10\jnosql-communication-semistructured-1.1.10.jar;C:\Users\LENOVO\.m2\repository\org\eclipse\jnosql\communication\jnosql-communication-query\1.1.10\jnosql-communication-query-1.1.10.jar;C:\Users\LENOVO\.m2\repository\org\eclipse\jnosql\communication\jnosql-communication-core\1.1.10\jnosql-communication-core-1.1.10.jar;C:\Users\LENOVO\.m2\repository\org\antlr\antlr4-runtime\4.13.2\antlr4-runtime-4.13.2.jar;C:\Users\LENOVO\.m2\repository\org\eclipse\jnosql\mapping\jnosql-mapping-core\1.1.10\jnosql-mapping-core-1.1.10.jar;C:\Users\LENOVO\.m2\repository\org\eclipse\jnosql\mapping\jnosql-mapping-api-core\1.1.10\jnosql-mapping-api-core-1.1.10.jar;C:\Users\LENOVO\.m2\repository\org\eclipse\jnosql\mapping\jnosql-mapping-reflection\1.1.10\jnosql-mapping-reflection-1.1.10.jar;C:\Users\LENOVO\.m2\repository\io\github\classgraph\classgraph\4.8.179\classgraph-4.8.179.jar;C:\Users\LENOVO\.m2\repository\org\eclipse\jnosql\databases\jnosql-database-commons\1.1.10\jnosql-database-commons-1.1.10.jar;C:\Users\LENOVO\.m2\repository\jakarta\nosql\jakarta.nosql-api\1.0.0\jakarta.nosql-api-1.0.0.jar;C:\Users\LENOVO\.m2\repository\jakarta\data\jakarta.data-api\1.0.1\jakarta.data-api-1.0.1.jar;C:\Users\LENOVO\.m2\repository\org\mongodb\mongodb-driver-sync\5.6.0\mongodb-driver-sync-5.6.0.jar;C:\Users\LENOVO\.m2\repository\org\mongodb\bson\5.6.0\bson-5.6.0.jar;C:\Users\LENOVO\.m2\repository\org\mongodb\mongodb-driver-core\5.6.0\mongodb-driver-core-5.6.0.jar;C:\Users\LENOVO\.m2\repository\org\mongodb\bson-record-codec\5.6.0\bson-record-codec-5.6.0.jar;C:\Users\LENOVO\.m2\repository\org\junit\jupiter\junit-jupiter\6.0.1\junit-jupiter-6.0.1.jar;C:\Users\LENOVO\.m2\repository\org\junit\jupiter\junit-jupiter-api\6.0.1\junit-jupiter-api-6.0.1.jar;C:\Users\LENOVO\.m2\repository\org\opentest4j\opentest4j\1.3.0\opentest4j-1.3.0.jar;C:\Users\LENOVO\.m2\repository\org\junit\platform\junit-platform-commons\6.0.1\junit-platform-commons-6.0.1.jar;C:\Users\LENOVO\.m2\repository\org\apiguardian\apiguardian-api\1.1.2\apiguardian-api-1.1.2.jar;C:\Users\LENOVO\.m2\repository\org\jspecify\jspecify\1.0.0\jspecify-1.0.0.jar;C:\Users\LENOVO\.m2\repository\org\junit\jupiter\junit-jupiter-params\6.0.1\junit-jupiter-params-6.0.1.jar;C:\Users\LENOVO\.m2\repository\org\junit\jupiter\junit-jupiter-engine\6.0.1\junit-jupiter-engine-6.0.1.jar;C:\Users\LENOVO\.m2\repository\org\junit\platform\junit-platform-engine\6.0.1\junit-platform-engine-6.0.1.jar;C:\Users\LENOVO\.m2\repository\org\mockito\mockito-core\5.20.0\mockito-core-5.20.0.jar;C:\Users\LENOVO\.m2\repository\net\bytebuddy\byte-buddy\1.17.7\byte-buddy-1.17.7.jar;C:\Users\LENOVO\.m2\repository\net\bytebuddy\byte-buddy-agent\1.17.7\byte-buddy-agent-1.17.7.jar;C:\Users\LENOVO\.m2\repository\org\objenesis\objenesis\3.3\objenesis-3.3.jar;C:\Users\LENOVO\.m2\repository\org\mockito\mockito-junit-jupiter\5.20.0\mockito-junit-jupiter-5.20.0.jar;"/>
    <property name="sun.cpu.endian" value="little"/>
    <property name="user.home" value="C:\Users\LENOVO"/>
    <property name="user.language" value="en"/>
    <property name="java.specification.vendor" value="Oracle Corporation"/>
    <property name="java.version.date" value="2025-10-21"/>
    <property name="java.home" value="C:\Program Files\Java\jdk-21"/>
    <property name="file.separator" value="\"/>
    <property name="basedir" value="C:\Users\LENOVO\Desktop\kraya\HealthMonitoringAIM25_26\iam"/>
    <property name="java.vm.compressedOopsMode" value="Zero based"/>
    <property name="line.separator" value="&#10;"/>
    <property name="java.vm.specification.vendor" value="Oracle Corporation"/>
    <property name="java.specification.name" value="Java Platform API Specification"/>
    <property name="surefire.real.class.path" value="C:\Users\LENOVO\AppData\Local\Temp\surefire3514045843850665215\surefirebooter-20251101180238702_3.jar"/>
    <property name="user.script" value=""/>
    <property name="sun.management.compiler" value="HotSpot 64-Bit Tiered Compilers"/>
    <property name="java.runtime.version" value="21.0.9+7-LTS-338"/>
    <property name="user.name" value="LENOVO"/>
    <property name="stdout.encoding" value="Cp1252"/>
    <property name="path.separator" value=";"/>
    <property name="os.version" value="10.0"/>
    <property name="java.runtime.name" value="Java(TM) SE Runtime Environment"/>
    <property name="file.encoding" value="UTF-8"/>
    <property name="java.vm.name" value="Java HotSpot(TM) 64-Bit Server VM"/>
    <property name="localRepository" value="C:\Users\LENOVO\.m2\repository"/>
    <property name="java.vendor.url.bug" value="https://bugreport.java.com/bugreport/"/>
    <property name="java.io.tmpdir" value="C:\Users\LENOVO\AppData\Local\Temp\"/>
    <property name="java.version" value="21.0.9"/>
    <property name="user.dir" value="C:\Users\LENOVO\Desktop\kraya\HealthMonitoringAIM25_26\iam"/>
    <property name="os.arch" value="amd64"/>
    <property name="java.vm.specification.name" value="Java Virtual Machine Specification"/>
    <property name="sun.os.patch.level" value=""/>
    <property name="native.encoding" value="Cp1252"/>
    <property name="java.library.path" value="C:\Program Files\Java\jdk-21\bin;C:\WINDOWS\Sun\Java\bin;C:\WINDOWS\system32;C:\WINDOWS;C:\Program Files\Git\mingw64\bin;C:\Program Files\Git\usr\bin;C:\Users\LENOVO\bin;C:\Program Files\NVIDIA GPU Computing Toolkit\CUDA\v12.6\bin;C:\Program Files\NVIDIA GPU Computing Toolkit\CUDA\v12.6\libnvvp;C:\Program Files\Common Files\Oracle\Java\javapath;C:\WINDOWS\system32;C:\WINDOWS;C:\WINDOWS\System32\Wbem;C:\WINDOWS\System32\WindowsPowerShell\v1.0;C:\WINDOWS\System32\OpenSSH;C:\Program Files\Git\cmd;C:\Program Files\nodejs;C:\Program Files\Java\jdk-21\bin;C:\ProgramData\chocolatey\bin;C:\msys64\mingw64\bin;C:\msys64\mingw64\include;C:\ffmpeg\bin;C:\Program Files\NVIDIA Corporation\Nsight Compute 2024.3.2;C:\Program Files (x86)\NVIDIA Corporation\PhysX\Common;C:\Program Files\NVIDIA Corporation\NVIDIA NvDLISR;C:\Program Files\Amazon\AWSCLIV2;C:\Users\LENOVO\Downloads\apache-maven-3.9.9\bin;C:\Program Files\Docker\Docker\resources\bin;C:\Users\LENOVO\.local\bin;C:\Users\LENOVO\miniconda3;C:\Users\LENOVO\miniconda3\Library\mingw-w64\bin;C:\Users\LENOVO\miniconda3\Library\usr\bin;C:\Users\LENOVO\miniconda3\Library\bin;C:\Users\LENOVO\miniconda3\Scripts;C:\Users\LENOVO\AppData\Local\Programs\Python\Python312\Scripts;C:\Users\LENOVO\AppData\Local\Programs\Python\Python312;C:\Users\LENOVO\AppData\Local\Microsoft\WindowsApps;C:\Users\LENOVO\AppData\Local\Programs\Microsoft VS Code\bin;C:\Users\LENOVO\AppData\Roaming\npm;C:\ffmpeg\bin;C:\Users\LENOVO\AppData\Local\Programs\Ollama;C:\Users\LENOVO\AppData\Local\Programs\MiKTeX\miktex\bin\x64;."/>
    <property name="java.vm.info" value="mixed mode, sharing"/>
    <property name="stderr.encoding" value="Cp1252"/>
    <property name="java.vendor" value="Oracle Corporation"/>
    <property name="java.vm.version" value="21.0.9+7-LTS-338"/>
    <property name="sun.io.unicode.encoding" value="UnicodeLittle"/>
    <property name="java.class.version" value="65.0"/>
  </properties>
  <testcase name="testByValueInvalid" classname="tn.supcom.cot.iam.controllers.RoleTest" time="0.004"/>
  <testcase name="testRoleIdMethod" classname="tn.supcom.cot.iam.controllers.RoleTest" time="0.002"/>
  <testcase name="testGuestIdCaseInsensitive" classname="tn.supcom.cot.iam.controllers.RoleTest" time="0.003"/>
  <testcase name="testById" classname="tn.supcom.cot.iam.controllers.RoleTest" time="0.001"/>
  <testcase name="testGuestRoleValue" classname="tn.supcom.cot.iam.controllers.RoleTest" time="0.001"/>
  <testcase name="testGuestDoesNotMatchOtherRoles" classname="tn.supcom.cot.iam.controllers.RoleTest" time="0.001"/>
  <testcase name="testBitShiftValues" classname="tn.supcom.cot.iam.controllers.RoleTest" time="0.0"/>
  <testcase name="testRootRoleValue" classname="tn.supcom.cot.iam.controllers.RoleTest" time="0.0"/>
  <testcase name="testRP00Value" classname="tn.supcom.cot.iam.controllers.RoleTest" time="0.0"/>
  <testcase name="testRP01Value" classname="tn.supcom.cot.iam.controllers.RoleTest" time="0.0"/>
  <testcase name="testRP02Value" classname="tn.supcom.cot.iam.controllers.RoleTest" time="0.001"/>
  <testcase name="testRoleCheckingPattern" classname="tn.supcom.cot.iam.controllers.RoleTest" time="0.0"/>
  <testcase name="testByValue" classname="tn.supcom.cot.iam.controllers.RoleTest" time="0.0"/>
  <testcase name="testSequentialRoleNames" classname="tn.supcom.cot.iam.controllers.RoleTest" time="0.001"/>
  <testcase name="testByIdInvalid" classname="tn.supcom.cot.iam.controllers.RoleTest" time="0.001"/>
  <testcase name="testBitwiseOperations" classname="tn.supcom.cot.iam.controllers.RoleTest" time="0.001"/>
  <testcase name="testRP10Value" classname="tn.supcom.cot.iam.controllers.RoleTest" time="0.0"/>
  <testcase name="testRP62Value" classname="tn.supcom.cot.iam.controllers.RoleTest" time="0.0"/>
  <testcase name="testRootMatchesAllRoles" classname="tn.supcom.cot.iam.controllers.RoleTest" time="0.002"/>
  <testcase name="testMaximumRoleCombination" classname="tn.supcom.cot.iam.controllers.RoleTest" time="0.002"/>
  <testcase name="testRoleCount" classname="tn.supcom.cot.iam.controllers.RoleTest" time="0.001"/>
  <testcase name="testRoleRemoval" classname="tn.supcom.cot.iam.controllers.RoleTest" time="0.002"/>
  <testcase name="testRootIdCaseInsensitive" classname="tn.supcom.cot.iam.controllers.RoleTest" time="0.002"/>
  <testcase name="testRoleValueBoundaries" classname="tn.supcom.cot.iam.controllers.RoleTest" time="0.003"/>
  <testcase name="testRoleValuesArePowersOfTwo" classname="tn.supcom.cot.iam.controllers.RoleTest" time="0.001"/>
  <testcase name="testUniqueRoleValues" classname="tn.supcom.cot.iam.controllers.RoleTest" time="0.001"/>
</testsuite>